<?xml version="1.0" encoding="UTF-8"?>
<Site BuildName="Win32-mingw32-make"
	BuildStamp="20240521-1206-Experimental"
	Name="DESKTOP-C2J134G"
	Generator="ctest-3.28.1"
	CompilerName="C:/MinGW/bin/g++.exe"
	CompilerVersion="6.3.0"
	OSName="Windows"
	Hostname="DESKTOP-C2J134G"
	OSRelease=" Professional"
	OSVersion=" (Build 19045)"
	OSPlatform="AMD64"
	Is64Bits="1"
	VendorString=""
	VendorID="Unknown Manufacturer"
	FamilyID="0"
	ModelID="0"
	ProcessorCacheSize="0"
	NumberOfLogicalCPU="16"
	NumberOfPhysicalCPU="8"
	TotalVirtualMemory="18517"
	TotalPhysicalMemory="16085"
	LogicalProcessorsPerPhysical="2"
	ProcessorClockFrequency="2304"
	>
	<Testing>
		<StartDateTime>May 21 15:07 RTZ 2 ([NON-UTF-8-BYTE-0xE7][NON-UTF-8-BYTE-0xE8][NON-UTF-8-BYTE-0xEC][NON-UTF-8-BYTE-0xE0])</StartDateTime>
		<StartTestTime>1716293225</StartTestTime>
		<TestList/>
		<EndDateTime>May 21 15:07 RTZ 2 ([NON-UTF-8-BYTE-0xE7][NON-UTF-8-BYTE-0xE8][NON-UTF-8-BYTE-0xEC][NON-UTF-8-BYTE-0xE0])</EndDateTime>
		<EndTestTime>1716293225</EndTestTime>
		<ElapsedMinutes>0</ElapsedMinutes>
	</Testing>
</Site>
